[debug] [2020-12-20T04:06:11.798Z] ----------------------------------------------------------------------
[debug] [2020-12-20T04:06:11.799Z] Command:       /home/zpears/.nvm/versions/node/v15.2.1/bin/node /home/zpears/.yarn/bin/firebase deploy
[debug] [2020-12-20T04:06:11.799Z] CLI Version:   8.13.1
[debug] [2020-12-20T04:06:11.799Z] Platform:      linux
[debug] [2020-12-20T04:06:11.799Z] Node Version:  v15.2.1
[debug] [2020-12-20T04:06:11.800Z] Time:          Sat Dec 19 2020 23:06:11 GMT-0500 (Eastern Standard Time)
[debug] [2020-12-20T04:06:11.800Z] ----------------------------------------------------------------------
[debug] [2020-12-20T04:06:11.800Z] 
[debug] [2020-12-20T04:06:11.803Z] > command requires scopes: ["email","openid","https://www.googleapis.com/auth/cloudplatformprojects.readonly","https://www.googleapis.com/auth/firebase","https://www.googleapis.com/auth/cloud-platform"]
[debug] [2020-12-20T04:06:11.803Z] > authorizing via signed-in user
[debug] [2020-12-20T04:06:11.803Z] [iam] checking project saagstone for permissions ["cloudfunctions.functions.create","cloudfunctions.functions.delete","cloudfunctions.functions.get","cloudfunctions.functions.list","cloudfunctions.functions.update","cloudfunctions.operations.get","firebase.projects.get"]
[debug] [2020-12-20T04:06:11.805Z] >>> HTTP REQUEST POST https://cloudresourcemanager.googleapis.com/v1/projects/saagstone:testIamPermissions  
 {"permissions":["cloudfunctions.functions.create","cloudfunctions.functions.delete","cloudfunctions.functions.get","cloudfunctions.functions.list","cloudfunctions.functions.update","cloudfunctions.operations.get","firebase.projects.get"]}
[debug] [2020-12-20T04:06:12.071Z] <<< HTTP RESPONSE 200 {"content-type":"application/json; charset=UTF-8","vary":"X-Origin, Referer, Origin,Accept-Encoding","date":"Sun, 20 Dec 2020 04:06:12 GMT","server":"ESF","cache-control":"private","x-xss-protection":"0","x-frame-options":"SAMEORIGIN","x-content-type-options":"nosniff","server-timing":"gfet4t7; dur=190","alt-svc":"h3-29=\":443\"; ma=2592000,h3-T051=\":443\"; ma=2592000,h3-Q050=\":443\"; ma=2592000,h3-Q046=\":443\"; ma=2592000,h3-Q043=\":443\"; ma=2592000,quic=\":443\"; ma=2592000; v=\"46,43\"","accept-ranges":"none","transfer-encoding":"chunked"}
[debug] [2020-12-20T04:06:12.074Z] >>> HTTP REQUEST POST https://iam.googleapis.com/v1/projects/saagstone/serviceAccounts/saagstone@appspot.gserviceaccount.com:testIamPermissions  
 {"permissions":["iam.serviceAccounts.actAs"]}
[debug] [2020-12-20T04:06:12.265Z] <<< HTTP RESPONSE 200 {"content-type":"application/json; charset=UTF-8","vary":"X-Origin, Referer, Origin,Accept-Encoding","date":"Sun, 20 Dec 2020 04:06:12 GMT","server":"ESF","cache-control":"private","x-xss-protection":"0","x-frame-options":"SAMEORIGIN","x-content-type-options":"nosniff","alt-svc":"h3-29=\":443\"; ma=2592000,h3-T051=\":443\"; ma=2592000,h3-Q050=\":443\"; ma=2592000,h3-Q046=\":443\"; ma=2592000,h3-Q043=\":443\"; ma=2592000,quic=\":443\"; ma=2592000; v=\"46,43\"","accept-ranges":"none","transfer-encoding":"chunked"}
[info] 
[info] === Deploying to 'saagstone'...
[info] 
[info] i  deploying functions 
[info] Running command: npm --prefix "$RESOURCE_DIR" run lint
[info] Running command: npm --prefix "$RESOURCE_DIR" run build
[info] ✔  functions: Finished running predeploy script. 
[debug] [2020-12-20T04:06:20.011Z] > [functions] package.json contents: {
  "name": "functions",
  "scripts": {
    "lint": "eslint \"src/**/*\"",
    "build": "tsc",
    "serve": "npm run build && firebase emulators:start --only functions",
    "shell": "npm run build && firebase functions:shell",
    "start": "npm run shell",
    "deploy": "firebase deploy --only functions",
    "logs": "firebase functions:log"
  },
  "engines": {
    "node": "12"
  },
  "main": "lib/index.js",
  "dependencies": {
    "eslint": "^7.16.0",
    "firebase": "^8.2.1",
    "firebase-admin": "^9.2.0",
    "firebase-functions": "^3.11.0"
  },
  "devDependencies": {
    "@typescript-eslint/eslint-plugin": "^3.9.1",
    "@typescript-eslint/parser": "^3.8.0",
    "firebase-functions-test": "^0.2.0",
    "typescript": "^3.8.0"
  },
  "private": true
}
[info] i  functions: ensuring required API cloudfunctions.googleapis.com is enabled... 
[info] i  functions: ensuring required API cloudbuild.googleapis.com is enabled... 
[debug] [2020-12-20T04:06:20.648Z] >>> HTTP REQUEST GET https://serviceusage.googleapis.com/v1/projects/saagstone/services/cloudfunctions.googleapis.com  
 
[debug] [2020-12-20T04:06:20.649Z] >>> HTTP REQUEST GET https://serviceusage.googleapis.com/v1/projects/saagstone/services/runtimeconfig.googleapis.com  
 
[debug] [2020-12-20T04:06:20.649Z] >>> HTTP REQUEST GET https://serviceusage.googleapis.com/v1/projects/saagstone/services/cloudbuild.googleapis.com  
 
[debug] [2020-12-20T04:06:21.077Z] <<< HTTP RESPONSE 200 {"content-type":"application/json; charset=UTF-8","vary":"X-Origin, Referer, Origin,Accept-Encoding","date":"Sun, 20 Dec 2020 04:06:21 GMT","server":"ESF","cache-control":"private","x-xss-protection":"0","x-frame-options":"SAMEORIGIN","x-content-type-options":"nosniff","alt-svc":"h3-29=\":443\"; ma=2592000,h3-T051=\":443\"; ma=2592000,h3-Q050=\":443\"; ma=2592000,h3-Q046=\":443\"; ma=2592000,h3-Q043=\":443\"; ma=2592000,quic=\":443\"; ma=2592000; v=\"46,43\"","accept-ranges":"none","transfer-encoding":"chunked"}
[debug] [2020-12-20T04:06:21.098Z] <<< HTTP RESPONSE 200 {"content-type":"application/json; charset=UTF-8","vary":"X-Origin, Referer, Origin,Accept-Encoding","date":"Sun, 20 Dec 2020 04:06:21 GMT","server":"ESF","cache-control":"private","x-xss-protection":"0","x-frame-options":"SAMEORIGIN","x-content-type-options":"nosniff","alt-svc":"h3-29=\":443\"; ma=2592000,h3-T051=\":443\"; ma=2592000,h3-Q050=\":443\"; ma=2592000,h3-Q046=\":443\"; ma=2592000,h3-Q043=\":443\"; ma=2592000,quic=\":443\"; ma=2592000; v=\"46,43\"","accept-ranges":"none","transfer-encoding":"chunked"}
[info] ✔  functions: required API cloudfunctions.googleapis.com is enabled 
[debug] [2020-12-20T04:06:21.115Z] <<< HTTP RESPONSE 200 {"content-type":"application/json; charset=UTF-8","vary":"X-Origin, Referer, Origin,Accept-Encoding","date":"Sun, 20 Dec 2020 04:06:21 GMT","server":"ESF","cache-control":"private","x-xss-protection":"0","x-frame-options":"SAMEORIGIN","x-content-type-options":"nosniff","alt-svc":"h3-29=\":443\"; ma=2592000,h3-T051=\":443\"; ma=2592000,h3-Q050=\":443\"; ma=2592000,h3-Q046=\":443\"; ma=2592000,h3-Q043=\":443\"; ma=2592000,quic=\":443\"; ma=2592000; v=\"46,43\"","accept-ranges":"none","transfer-encoding":"chunked"}
[info] ✔  functions: required API cloudbuild.googleapis.com is enabled 
[debug] [2020-12-20T04:06:21.116Z] >>> HTTP REQUEST GET https://firebase.googleapis.com/v1beta1/projects/saagstone/adminSdkConfig  
 
[debug] [2020-12-20T04:06:21.367Z] <<< HTTP RESPONSE 200 {"content-type":"application/json; charset=UTF-8","vary":"X-Origin, Referer, Origin,Accept-Encoding","date":"Sun, 20 Dec 2020 04:06:21 GMT","server":"ESF","cache-control":"private","x-xss-protection":"0","x-frame-options":"SAMEORIGIN","x-content-type-options":"nosniff","alt-svc":"h3-29=\":443\"; ma=2592000,h3-T051=\":443\"; ma=2592000,h3-Q050=\":443\"; ma=2592000,h3-Q046=\":443\"; ma=2592000,h3-Q043=\":443\"; ma=2592000,quic=\":443\"; ma=2592000; v=\"46,43\"","accept-ranges":"none","transfer-encoding":"chunked"}
[info] i  functions: preparing functions directory for uploading... 
[debug] [2020-12-20T04:06:21.369Z] >>> HTTP REQUEST GET https://runtimeconfig.googleapis.com/v1beta1/projects/saagstone/configs  
 
[debug] [2020-12-20T04:06:21.753Z] <<< HTTP RESPONSE 200 {"content-type":"application/json; charset=UTF-8","vary":"X-Origin, Referer, Origin,Accept-Encoding","date":"Sun, 20 Dec 2020 04:06:21 GMT","server":"ESF","cache-control":"private","x-xss-protection":"0","x-frame-options":"SAMEORIGIN","x-content-type-options":"nosniff","alt-svc":"h3-29=\":443\"; ma=2592000,h3-T051=\":443\"; ma=2592000,h3-Q050=\":443\"; ma=2592000,h3-Q046=\":443\"; ma=2592000,h3-Q043=\":443\"; ma=2592000,quic=\":443\"; ma=2592000; v=\"46,43\"","accept-ranges":"none","transfer-encoding":"chunked"}
[info] i  functions: packaged functions (52.82 KB) for uploading 
[debug] [2020-12-20T04:06:21.855Z] >>> HTTP REQUEST GET https://cloudfunctions.googleapis.com/v1/projects/saagstone/locations/-/functions  
 
[debug] [2020-12-20T04:06:22.357Z] <<< HTTP RESPONSE 200 {"content-type":"application/json; charset=UTF-8","vary":"X-Origin, Referer, Origin,Accept-Encoding","date":"Sun, 20 Dec 2020 04:06:22 GMT","server":"ESF","cache-control":"private","x-xss-protection":"0","x-frame-options":"SAMEORIGIN","x-content-type-options":"nosniff","alt-svc":"h3-29=\":443\"; ma=2592000,h3-T051=\":443\"; ma=2592000,h3-Q050=\":443\"; ma=2592000,h3-Q046=\":443\"; ma=2592000,h3-Q043=\":443\"; ma=2592000,quic=\":443\"; ma=2592000; v=\"46,43\"","accept-ranges":"none","transfer-encoding":"chunked"}
[debug] [2020-12-20T04:06:22.359Z] >>> HTTP REQUEST POST https://cloudfunctions.googleapis.com/v1/projects/saagstone/locations/us-central1/functions:generateUploadUrl  
 
[debug] [2020-12-20T04:06:23.042Z] <<< HTTP RESPONSE 200 {"content-type":"application/json; charset=UTF-8","vary":"X-Origin, Referer, Origin,Accept-Encoding","date":"Sun, 20 Dec 2020 04:06:23 GMT","server":"ESF","cache-control":"private","x-xss-protection":"0","x-frame-options":"SAMEORIGIN","x-content-type-options":"nosniff","alt-svc":"h3-29=\":443\"; ma=2592000,h3-T051=\":443\"; ma=2592000,h3-Q050=\":443\"; ma=2592000,h3-Q046=\":443\"; ma=2592000,h3-Q043=\":443\"; ma=2592000,quic=\":443\"; ma=2592000; v=\"46,43\"","accept-ranges":"none","transfer-encoding":"chunked"}
[debug] [2020-12-20T04:06:23.042Z] >>> HTTP REQUEST PUT https://storage.googleapis.com/gcf-upload-us-central1-61c4253d-19d8-407a-ba7f-00a2d357718c/fa47c413-b327-40c8-9195-3d7e8794864f.zip?GoogleAccessId=service-294389659322@gcf-admin-robot.iam.gserviceaccount.com&Expires=1608438982&Signature=ljyL3VimSHJW7Ucs3sK%2FhLr1XPHgMQ4M5l0Fb8uEWYm%2FSuWEKbw0ZZ2USQghOwPPPoxqnIy3c4IEQ%2Fkav5j0vur%2BNkN%2Fj2djSbAfDVi7%2BM05Cfw4ZPJZDf2f1fpMWbkVsbbs8yt6ldh6jnmtQLWWur6HGSLafEny%2Bb%2BLZLNs0LAZ%2B54L08UOG75aqvbABS6TB%2F2fO4nEQygIQu%2Fd72FVLOncxTmVbvQV3keSdXNPARTpVI8sZXD%2F0mat2ImsO32Qlg%2BbmJQA7aoQGlxNQE3xEungSxIGeZk7bO%2BiPvUgGeiFzLNWUPbNyFnx%2FcIlLYGQJmFGARotIA8LOAgC4uF7eg%3D%3D  
 <request body omitted>
[debug] [2020-12-20T04:06:23.285Z] <<< HTTP RESPONSE 200 {"x-guploader-uploadid":"ABg5-UxAEgZn_hn054TNaVCg6nrsuucWwM8j3hSFd76GTsT8kXC_R1hijdMwi8tfyKyW9wSoWOHuqnk5XVdg819EmD-3ChOoAQ","etag":"\"c5153eb2cb12661f0e94f796c9b78e98\"","x-goog-generation":"1608437183253439","x-goog-metageneration":"1","x-goog-hash":"crc32c=NaX2/w==, md5=xRU+sssSZh8OlPeWybeOmA==","x-goog-stored-content-length":"54084","x-goog-stored-content-encoding":"identity","vary":"Origin","content-length":"0","date":"Sun, 20 Dec 2020 04:06:23 GMT","server":"UploadServer","content-type":"text/html; charset=UTF-8","alt-svc":"h3-29=\":443\"; ma=2592000,h3-T051=\":443\"; ma=2592000,h3-Q050=\":443\"; ma=2592000,h3-Q046=\":443\"; ma=2592000,h3-Q043=\":443\"; ma=2592000,quic=\":443\"; ma=2592000; v=\"46,43\""}
[info] ✔  functions: functions folder uploaded successfully 
[info] i  functions: updating Node.js 12 function helloWorld(us-central1)... 
[debug] [2020-12-20T04:06:23.289Z] Trigger is:  {"httpsTrigger":{}}
[debug] [2020-12-20T04:06:23.290Z] >>> HTTP REQUEST PATCH https://cloudfunctions.googleapis.com/v1/projects/saagstone/locations/us-central1/functions/helloWorld {"updateMask":"sourceUploadUrl,name,labels,runtime,environmentVariables,httpsTrigger"} 
 {"sourceUploadUrl":"https://storage.googleapis.com/gcf-upload-us-central1-61c4253d-19d8-407a-ba7f-00a2d357718c/fa47c413-b327-40c8-9195-3d7e8794864f.zip?GoogleAccessId=service-294389659322@gcf-admin-robot.iam.gserviceaccount.com&Expires=1608438982&Signature=ljyL3VimSHJW7Ucs3sK%2FhLr1XPHgMQ4M5l0Fb8uEWYm%2FSuWEKbw0ZZ2USQghOwPPPoxqnIy3c4IEQ%2Fkav5j0vur%2BNkN%2Fj2djSbAfDVi7%2BM05Cfw4ZPJZDf2f1fpMWbkVsbbs8yt6ldh6jnmtQLWWur6HGSLafEny%2Bb%2BLZLNs0LAZ%2B54L08UOG75aqvbABS6TB%2F2fO4nEQygIQu%2Fd72FVLOncxTmVbvQV3keSdXNPARTpVI8sZXD%2F0mat2ImsO32Qlg%2BbmJQA7aoQGlxNQE3xEungSxIGeZk7bO%2BiPvUgGeiFzLNWUPbNyFnx%2FcIlLYGQJmFGARotIA8LOAgC4uF7eg%3D%3D","name":"projects/saagstone/locations/us-central1/functions/helloWorld","labels":{"deployment-tool":"cli-firebase"},"httpsTrigger":{},"runtime":"nodejs12","environmentVariables":{"FIREBASE_CONFIG":"{\"projectId\":\"saagstone\",\"storageBucket\":\"saagstone.appspot.com\",\"locationId\":\"us-east1\"}"}}
[debug] [2020-12-20T04:06:23.885Z] <<< HTTP RESPONSE 200 {"content-type":"application/json; charset=UTF-8","vary":"X-Origin, Referer, Origin,Accept-Encoding","date":"Sun, 20 Dec 2020 04:06:23 GMT","server":"ESF","cache-control":"private","x-xss-protection":"0","x-frame-options":"SAMEORIGIN","x-content-type-options":"nosniff","alt-svc":"h3-29=\":443\"; ma=2592000,h3-T051=\":443\"; ma=2592000,h3-Q050=\":443\"; ma=2592000,h3-Q046=\":443\"; ma=2592000,h3-Q043=\":443\"; ma=2592000,quic=\":443\"; ma=2592000; v=\"46,43\"","accept-ranges":"none","transfer-encoding":"chunked"}
[debug] [2020-12-20T04:06:23.887Z] >>> HTTP REQUEST GET https://cloudfunctions.googleapis.com/v1/projects/saagstone/locations/-/functions  
 
[debug] [2020-12-20T04:06:24.370Z] <<< HTTP RESPONSE 200 {"content-type":"application/json; charset=UTF-8","vary":"X-Origin, Referer, Origin,Accept-Encoding","date":"Sun, 20 Dec 2020 04:06:24 GMT","server":"ESF","cache-control":"private","x-xss-protection":"0","x-frame-options":"SAMEORIGIN","x-content-type-options":"nosniff","alt-svc":"h3-29=\":443\"; ma=2592000,h3-T051=\":443\"; ma=2592000,h3-Q050=\":443\"; ma=2592000,h3-Q046=\":443\"; ma=2592000,h3-Q043=\":443\"; ma=2592000,quic=\":443\"; ma=2592000; v=\"46,43\"","accept-ranges":"none","transfer-encoding":"chunked"}
[debug] [2020-12-20T04:06:24.371Z] >>> HTTP REQUEST GET https://cloudfunctions.googleapis.com/v1/operations/c2FhZ3N0b25lL3VzLWNlbnRyYWwxL2hlbGxvV29ybGQvMjR4RUVNbjRRMXc  
 
[debug] [2020-12-20T04:06:24.527Z] <<< HTTP RESPONSE 200 {"content-type":"application/json; charset=UTF-8","vary":"X-Origin, Referer, Origin,Accept-Encoding","date":"Sun, 20 Dec 2020 04:06:24 GMT","server":"ESF","cache-control":"private","x-xss-protection":"0","x-frame-options":"SAMEORIGIN","x-content-type-options":"nosniff","alt-svc":"h3-29=\":443\"; ma=2592000,h3-T051=\":443\"; ma=2592000,h3-Q050=\":443\"; ma=2592000,h3-Q046=\":443\"; ma=2592000,h3-Q043=\":443\"; ma=2592000,quic=\":443\"; ma=2592000; v=\"46,43\"","accept-ranges":"none","transfer-encoding":"chunked"}
[debug] [2020-12-20T04:06:26.530Z] >>> HTTP REQUEST GET https://cloudfunctions.googleapis.com/v1/operations/c2FhZ3N0b25lL3VzLWNlbnRyYWwxL2hlbGxvV29ybGQvMjR4RUVNbjRRMXc  
 
[debug] [2020-12-20T04:06:26.714Z] <<< HTTP RESPONSE 200 {"content-type":"application/json; charset=UTF-8","vary":"X-Origin, Referer, Origin,Accept-Encoding","date":"Sun, 20 Dec 2020 04:06:26 GMT","server":"ESF","cache-control":"private","x-xss-protection":"0","x-frame-options":"SAMEORIGIN","x-content-type-options":"nosniff","alt-svc":"h3-29=\":443\"; ma=2592000,h3-T051=\":443\"; ma=2592000,h3-Q050=\":443\"; ma=2592000,h3-Q046=\":443\"; ma=2592000,h3-Q043=\":443\"; ma=2592000,quic=\":443\"; ma=2592000; v=\"46,43\"","accept-ranges":"none","transfer-encoding":"chunked"}
[debug] [2020-12-20T04:06:28.717Z] >>> HTTP REQUEST GET https://cloudfunctions.googleapis.com/v1/operations/c2FhZ3N0b25lL3VzLWNlbnRyYWwxL2hlbGxvV29ybGQvMjR4RUVNbjRRMXc  
 
[debug] [2020-12-20T04:06:28.873Z] <<< HTTP RESPONSE 200 {"content-type":"application/json; charset=UTF-8","vary":"X-Origin, Referer, Origin,Accept-Encoding","date":"Sun, 20 Dec 2020 04:06:28 GMT","server":"ESF","cache-control":"private","x-xss-protection":"0","x-frame-options":"SAMEORIGIN","x-content-type-options":"nosniff","alt-svc":"h3-29=\":443\"; ma=2592000,h3-T051=\":443\"; ma=2592000,h3-Q050=\":443\"; ma=2592000,h3-Q046=\":443\"; ma=2592000,h3-Q043=\":443\"; ma=2592000,quic=\":443\"; ma=2592000; v=\"46,43\"","accept-ranges":"none","transfer-encoding":"chunked"}
[debug] [2020-12-20T04:06:30.875Z] >>> HTTP REQUEST GET https://cloudfunctions.googleapis.com/v1/operations/c2FhZ3N0b25lL3VzLWNlbnRyYWwxL2hlbGxvV29ybGQvMjR4RUVNbjRRMXc  
 
[debug] [2020-12-20T04:06:31.058Z] <<< HTTP RESPONSE 200 {"content-type":"application/json; charset=UTF-8","vary":"X-Origin, Referer, Origin,Accept-Encoding","date":"Sun, 20 Dec 2020 04:06:31 GMT","server":"ESF","cache-control":"private","x-xss-protection":"0","x-frame-options":"SAMEORIGIN","x-content-type-options":"nosniff","alt-svc":"h3-29=\":443\"; ma=2592000,h3-T051=\":443\"; ma=2592000,h3-Q050=\":443\"; ma=2592000,h3-Q046=\":443\"; ma=2592000,h3-Q043=\":443\"; ma=2592000,quic=\":443\"; ma=2592000; v=\"46,43\"","accept-ranges":"none","transfer-encoding":"chunked"}
[debug] [2020-12-20T04:06:33.061Z] >>> HTTP REQUEST GET https://cloudfunctions.googleapis.com/v1/operations/c2FhZ3N0b25lL3VzLWNlbnRyYWwxL2hlbGxvV29ybGQvMjR4RUVNbjRRMXc  
 
